<?xml version="1.0" encoding="utf-8"?><testsuites name="pytest tests"><testsuite name="pytest" errors="0" failures="0" skipped="0" tests="45" time="12.288" timestamp="2026-04-23T20:55:24.191097+00:00" hostname="agent-env-e3819b81-4370-49de-ae2e-451ab9d74060"><testcase classname="tests.backend_test" name="test_01_health" time="0.267" /><testcase classname="tests.backend_test" name="test_02_admin_login_no_2fa" time="0.283" /><testcase classname="tests.backend_test" name="test_03_register[u1]" time="0.287" /><testcase classname="tests.backend_test" name="test_03_register[u2]" time="0.301" /><testcase classname="tests.backend_test" name="test_04_verify_email[u1]" time="0.061" /><testcase classname="tests.backend_test" name="test_04_verify_email[u2]" time="0.057" /><testcase classname="tests.backend_test" name="test_05_login_2fa[u1]" time="0.341" /><testcase classname="tests.backend_test" name="test_05_login_2fa[u2]" time="0.343" /><testcase classname="tests.backend_test" name="test_06_auth_me" time="0.050" /><testcase classname="tests.backend_test" name="test_06b_login_invalid" time="0.277" /><testcase classname="tests.backend_test" name="test_07_forgot_and_reset_password" time="0.680" /><testcase classname="tests.backend_test" name="test_08_profile_update" time="0.053" /><testcase classname="tests.backend_test" name="test_08b_sessions_activity" time="0.114" /><testcase classname="tests.backend_test" name="test_09_kyc_submit[u1]" time="0.054" /><testcase classname="tests.backend_test" name="test_09_kyc_submit[u2]" time="0.054" /><testcase classname="tests.backend_test" name="test_10_admin_approve_kyc[u1]" time="0.069" /><testcase classname="tests.backend_test" name="test_10_admin_approve_kyc[u2]" time="0.064" /><testcase classname="tests.backend_test" name="test_11_accounts[u1]" time="0.063" /><testcase classname="tests.backend_test" name="test_11_accounts[u2]" time="0.048" /><testcase classname="tests.backend_test" name="test_12_admin_balance_adjustment" time="0.286" /><testcase classname="tests.backend_test" name="test_12b_wrong_admin_password" time="0.282" /><testcase classname="tests.backend_test" name="test_13_transfer_email" time="0.065" /><testcase classname="tests.backend_test" name="test_13b_insufficient_funds" time="0.082" /><testcase classname="tests.backend_test" name="test_14_beneficiaries" time="0.171" /><testcase classname="tests.backend_test" name="test_15_transactions" time="0.049" /><testcase classname="tests.backend_test" name="test_15b_receipt_pdf" time="0.056" /><testcase classname="tests.backend_test" name="test_15c_statement_pdf" time="0.058" /><testcase classname="tests.backend_test" name="test_16_deposit_flow" time="0.123" /><testcase classname="tests.backend_test" name="test_17_withdrawal" time="0.108" /><testcase classname="tests.backend_test" name="test_18_bills" time="0.123" /><testcase classname="tests.backend_test" name="test_19_cards" time="0.710" /><testcase classname="tests.backend_test" name="test_20_loan_flow" time="0.170" /><testcase classname="tests.backend_test" name="test_21_investments" time="0.235" /><testcase classname="tests.backend_test" name="test_22_notifications" time="0.162" /><testcase classname="tests.backend_test" name="test_23_chat" time="4.240" /><testcase classname="tests.backend_test" name="test_24_support" time="0.166" /><testcase classname="tests.backend_test" name="test_25_admin_stats" time="0.074" /><testcase classname="tests.backend_test" name="test_25b_admin_users_search" time="0.052" /><testcase classname="tests.backend_test" name="test_25c_admin_user_detail" time="0.058" /><testcase classname="tests.backend_test" name="test_25d_audit_logs" time="0.051" /><testcase classname="tests.backend_test" name="test_26_admin_reverse_txn" time="0.300" /><testcase classname="tests.backend_test" name="test_27_freeze_blocks_debit" time="0.176" /><testcase classname="tests.backend_test" name="test_28_kyc_required_blocked" time="0.806" /><testcase classname="tests.backend_test" name="test_29_logout" time="0.056" /><testcase classname="tests.backend_test" name="test_30_cleanup" time="0.012" /></testsuite></testsuites>